
 20221017  xx转账100
 20221018  xx转账200
 20221017  xx转账100
 20221018  xx转账200
 20221017  xx转账100
 20221018  xx转账200
 20221017  xx转账100
 20221018  xx转账200
 20221017  xx转账100
 20221018  xx转账200
 20221017  xx转账100
 20221018  xx转账200
 20221017  xx转账100
 20221018  xx转账200
 20221017  xx转账100
 20221018  xx转账200
 20221017  xx转账100
 20221018  xx转账200
 20221017  xx转账100
 20221018  xx转账200
 20221017  xx转账100
 20221018  xx转账200
 20221017  xx转账100
 20221018  xx转账200
 20221017  xx转账100
 20221018  xx转账200
 20221017  xx转账100
 20221018  xx转账200
 20221017  xx转账100
 20221018  xx转账200
 20221017  xx转账100
 20221018  xx转账200
 20221017  xx转账100
 20221018  xx转账200
 20221017  xx转账100
 20221018  xx转账200
 20221017  xx转账100
 20221018  xx转账200
 20221017  xx转账100
 20221018  xx转账200
 20221017  xx转账100
 20221018  xx转账200
 20221017  xx转账100
 20221018  xx转账200
 20221017  66转账100
 20221018  66转账200
 20221017  66转账100
 20221018  66转账200
 20221017  66转账100
 20221018  66转账200
 